<?xml version="1.0" encoding="UTF-8"?>
<!-- Generated by org.testng.reporters.JUnitReportReporter -->
<testsuite hostname="Sanskritis-MacBook-Pro.local" failures="0" tests="1" name="page_tests.ProductPageTest" time="6.511" errors="0" timestamp="16 Aug 2024 10:09:00 GMT" skipped="0">
  <testcase classname="page_tests.ProductPageTest" name="testItemName" time="6.511"/>
</testsuite> <!-- page_tests.ProductPageTest -->
